<?xml version="1.0" encoding="UTF-8"?>
<testsuite xmlns:xsi="http://www.w3.org/2001/XMLSchema-instance" xsi:noNamespaceSchemaLocation="https://maven.apache.org/surefire/maven-surefire-plugin/xsd/surefire-test-report.xsd" name="TestSuite" time="58.164" tests="6" errors="0" skipped="0" failures="2">
  <properties>
[...]
</properties>
  <testcase name="bing_test" classname="tests.Test001" time="1.112"/>
  <testcase name="google_test" classname="tests.Test001" time="2.394"/>
  <testcase name="yahoo_test" classname="tests.Test001" time="24.833">
    <failure message="expected [true] but found [false]" type="java.lang.AssertionError">java.lang.AssertionError: expected [true] but found [false]
	at tests.Test001.yahoo_test(Test001.java:66)
</failure>
    <system-out><![CDATA[@AfterMethod
]]></system-out>
  </testcase>
  <testcase name="flipkart_test" classname="tests.Test002" time="7.709"/>
  <testcase name="jabong_test" classname="tests.Test002" time="5.424"/>
  <testcase name="myntra_test" classname="tests.Test002" time="8.101">
    <failure message="expected [true] but found [false]" type="java.lang.AssertionError">java.lang.AssertionError: expected [true] but found [false]
	at tests.Test002.myntra_test(Test002.java:63)
</failure>
    <system-out><![CDATA[@AfterMethod
]]></system-out>
  </testcase>
</testsuite>